#
# There is insufficient memory for the Java Runtime Environment to continue.
# Native memory allocation (malloc) failed to allocate 32744 bytes for ChunkPool::allocate
# Possible reasons:
#   The system is out of physical RAM or swap space
#   In 32 bit mode, the process size limit was hit
# Possible solutions:
#   Reduce memory load on the system
#   Increase physical memory or swap space
#   Check if swap backing store is full
#   Use 64 bit Java on a 64 bit OS
#   Decrease Java heap size (-Xmx/-Xms)
#   Decrease number of Java threads
#   Decrease Java thread stack sizes (-Xss)
#   Set larger code cache with -XX:ReservedCodeCacheSize=
# This output file may be truncated or incomplete.
#
#  Out of Memory Error (allocation.cpp:211), pid=6952, tid=3220
#
# JRE version: Java(TM) SE Runtime Environment (7.0_79-b15) (build 1.7.0_79-b15)
# Java VM: Java HotSpot(TM) 64-Bit Server VM (24.79-b02 mixed mode windows-amd64 compressed oops)
# Failed to write core dump. Minidumps are not enabled by default on client versions of Windows
#

---------------  T H R E A D  ---------------

Current thread (0x00000000081b4800):  JavaThread "C2 CompilerThread0" daemon [_thread_in_native, id=3220, stack(0x0000000009740000,0x0000000009840000)]

Stack: [0x0000000009740000,0x0000000009840000]
[error occurred during error reporting (printing stack bounds), id 0xc0000005]


Current CompileTask:
C2:   1303  361             com.android.dx.merge.DexMerger::transformMethods (126 bytes)


---------------  P R O C E S S  ---------------

Java Threads: ( => current thread )
  0x00000000081cb000 JavaThread "Service Thread" daemon [_thread_blocked, id=6444, stack(0x0000000009940000,0x0000000009a40000)]
  0x00000000081c2000 JavaThread "C2 CompilerThread1" daemon [_thread_in_native, id=3012, stack(0x0000000009840000,0x0000000009940000)]
=>0x00000000081b4800 JavaThread "C2 CompilerThread0" daemon [_thread_in_native, id=3220, stack(0x0000000009740000,0x0000000009840000)]
  0x00000000081b3800 JavaThread "Attach Listener" daemon [_thread_blocked, id=4776, stack(0x0000000009640000,0x0000000009740000)]
  0x00000000081b0800 JavaThread "Signal Dispatcher" daemon [_thread_blocked, id=6088, stack(0x0000000009540000,0x0000000009640000)]
  0x000000000817e800 JavaThread "Finalizer" daemon [_thread_blocked, id=6000, stack(0x0000000009440000,0x0000000009540000)]
  0x0000000008175800 JavaThread "Reference Handler" daemon [_thread_blocked, id=6252, stack(0x0000000009340000,0x0000000009440000)]
  0x00000000022e0800 JavaThread "main" [_thread_in_Java, id=1640, stack(0x0000000002150000,0x0000000002250000)]

Other Threads:
  0x0000000008170800 VMThread [stack: 0x0000000009240000,0x0000000009340000] [id=2684]
  0x00000000081e4000 WatcherThread [stack: 0x0000000009a40000,0x0000000009b40000] [id=7068]

VM state:not at safepoint (normal execution)

VM Mutex/Monitor currently owned by a thread: None

Heap
 PSYoungGen      total 35328K, used 24253K [0x00000000eaa80000, 0x00000000ecf80000, 0x0000000100000000)
  eden space 32768K, 66% used [0x00000000eaa80000,0x00000000ebfafb08,0x00000000eca80000)
  from space 2560K, 99% used [0x00000000ecd00000,0x00000000ecf7f9b8,0x00000000ecf80000)
  to   space 2560K, 0% used [0x00000000eca80000,0x00000000eca80000,0x00000000ecd00000)
 ParOldGen       total 42496K, used 8279K [0x00000000c0000000, 0x00000000c2980000, 0x00000000eaa80000)
  object space 42496K, 19% used [0x00000000c0000000,0x00000000c0815d08,0x00000000c2980000)
 PSPermGen       total 21504K, used 6626K [0x00000000bae00000, 0x00000000bc300000, 0x00000000c0000000)
  object space 21504K, 30% used [0x00000000bae00000,0x00000000bb478820,0x00000000bc300000)

Card table byte_map: [0x00000000053e0000,0x0000000005610000] byte_map_base: 0x0000000004e09000

Polling page: 0x0000000000760000

Code Cache  [0x00000000023e0000, 0x0000000002650000, 0x00000000053e0000)
 total_blobs=617 nmethods=359 adapters=208 free_code_cache=48224Kb largest_free_block=49362368

Compilation events (10 events):
Event: 1.277 Thread 0x00000000081b4800 nmethod 356 0x00000000024c2010 code [0x00000000024c2160, 0x00000000024c2278]
Event: 1.277 Thread 0x00000000081b4800  357             com.android.dx.merge.SortableType$1::compare (50 bytes)
Event: 1.277 Thread 0x00000000081b4800 nmethod 357 0x00000000024c1d50 code [0x00000000024c1e80, 0x00000000024c1f38]
Event: 1.277 Thread 0x00000000081b4800  358             com.android.dx.io.instructions.InstructionCodec$18::decode (51 bytes)
Event: 1.280 Thread 0x00000000081b4800 nmethod 358 0x00000000024c9250 code [0x00000000024c93a0, 0x00000000024c95b8]
Event: 1.280 Thread 0x00000000081b4800  359             com.android.dx.io.instructions.InstructionCodec$18::encode (29 bytes)
Event: 1.281 Thread 0x00000000081b4800 nmethod 359 0x00000000024c8c10 code [0x00000000024c8d60, 0x00000000024c8f58]
Event: 1.281 Thread 0x00000000081b4800  360             com.android.dex.Dex$Section::readMethods (59 bytes)
Event: 1.284 Thread 0x00000000081b4800 nmethod 360 0x00000000024c8650 code [0x00000000024c87c0, 0x00000000024c8a28]
Event: 1.284 Thread 0x00000000081b4800  361             com.android.dx.merge.DexMerger::transformMethods (126 bytes)

GC Heap History (4 events):
Event: 0.621 GC heap before
{Heap before GC invocations=1 (full 0):
 PSYoungGen      total 18944K, used 16297K [0x00000000eaa80000, 0x00000000ebf80000, 0x0000000100000000)
  eden space 16384K, 99% used [0x00000000eaa80000,0x00000000eba6a670,0x00000000eba80000)
  from space 2560K, 0% used [0x00000000ebd00000,0x00000000ebd00000,0x00000000ebf80000)
  to   space 2560K, 0% used [0x00000000eba80000,0x00000000eba80000,0x00000000ebd00000)
 ParOldGen       total 42496K, used 0K [0x00000000c0000000, 0x00000000c2980000, 0x00000000eaa80000)
  object space 42496K, 0% used [0x00000000c0000000,0x00000000c0000000,0x00000000c2980000)
 PSPermGen       total 21504K, used 5319K [0x00000000bae00000, 0x00000000bc300000, 0x00000000c0000000)
  object space 21504K, 24% used [0x00000000bae00000,0x00000000bb331cd0,0x00000000bc300000)
Event: 0.630 GC heap after
Heap after GC invocations=1 (full 0):
 PSYoungGen      total 18944K, used 2536K [0x00000000eaa80000, 0x00000000ecf80000, 0x0000000100000000)
  eden space 16384K, 0% used [0x00000000eaa80000,0x00000000eaa80000,0x00000000eba80000)
  from space 2560K, 99% used [0x00000000eba80000,0x00000000ebcfa250,0x00000000ebd00000)
  to   space 2560K, 0% used [0x00000000ecd00000,0x00000000ecd00000,0x00000000ecf80000)
 ParOldGen       total 42496K, used 2435K [0x00000000c0000000, 0x00000000c2980000, 0x00000000eaa80000)
  object space 42496K, 5% used [0x00000000c0000000,0x00000000c0260fe8,0x00000000c2980000)
 PSPermGen       total 21504K, used 5319K [0x00000000bae00000, 0x00000000bc300000, 0x00000000c0000000)
  object space 21504K, 24% used [0x00000000bae00000,0x00000000bb331cd0,0x00000000bc300000)
}
Event: 1.034 GC heap before
{Heap before GC invocations=2 (full 0):
 PSYoungGen      total 18944K, used 18920K [0x00000000eaa80000, 0x00000000ecf80000, 0x0000000100000000)
  eden space 16384K, 100% used [0x00000000eaa80000,0x00000000eba80000,0x00000000eba80000)
  from space 2560K, 99% used [0x00000000eba80000,0x00000000ebcfa250,0x00000000ebd00000)
  to   space 2560K, 0% used [0x00000000ecd00000,0x00000000ecd00000,0x00000000ecf80000)
 ParOldGen       total 42496K, used 2435K [0x00000000c0000000, 0x00000000c2980000, 0x00000000eaa80000)
  object space 42496K, 5% used [0x00000000c0000000,0x00000000c0260fe8,0x00000000c2980000)
 PSPermGen       total 21504K, used 6579K [0x00000000bae00000, 0x00000000bc300000, 0x00000000c0000000)
  object space 21504K, 30% used [0x00000000bae00000,0x00000000bb46cd60,0x00000000bc300000)
Event: 1.042 GC heap after
Heap after GC invocations=2 (full 0):
 PSYoungGen      total 35328K, used 2558K [0x00000000eaa80000, 0x00000000ecf80000, 0x0000000100000000)
  eden space 32768K, 0% used [0x00000000eaa80000,0x00000000eaa80000,0x00000000eca80000)
  from space 2560K, 99% used [0x00000000ecd00000,0x00000000ecf7f9b8,0x00000000ecf80000)
  to   space 2560K, 0% used [0x00000000eca80000,0x00000000eca80000,0x00000000ecd00000)
 ParOldGen       total 42496K, used 8279K [0x00000000c0000000, 0x00000000c2980000, 0x00000000eaa80000)
  object space 42496K, 19% used [0x00000000c0000000,0x00000000c0815d08,0x00000000c2980000)
 PSPermGen       total 21504K, used 6579K [0x00000000bae00000, 0x00000000bc300000, 0x00000000c0000000)
  object space 21504K, 30% used [0x00000000bae00000,0x00000000bb46cd60,0x00000000bc300000)
}

Deoptimization events (10 events):
Event: 0.402 Thread 0x00000000022e0800 Uncommon trap: reason=unreached action=reinterpret pc=0x000000000244d7c4 method=com.android.dx.rop.cst.Constant.compareTo(Lcom/android/dx/rop/cst/Constant;)I @ 12
Event: 0.448 Thread 0x00000000022e0800 Uncommon trap: reason=class_check action=maybe_recompile pc=0x0000000002458cf4 method=com.android.dx.ssa.NormalSsaInsn.accept(Lcom/android/dx/ssa/SsaInsn$Visitor;)V @ 9
Event: 0.448 Thread 0x00000000022e0800 Uncommon trap: reason=class_check action=maybe_recompile pc=0x0000000002458cf4 method=com.android.dx.ssa.NormalSsaInsn.accept(Lcom/android/dx/ssa/SsaInsn$Visitor;)V @ 9
Event: 0.448 Thread 0x00000000022e0800 Uncommon trap: reason=class_check action=maybe_recompile pc=0x0000000002458cf4 method=com.android.dx.ssa.NormalSsaInsn.accept(Lcom/android/dx/ssa/SsaInsn$Visitor;)V @ 9
Event: 0.448 Thread 0x00000000022e0800 Uncommon trap: reason=class_check action=maybe_recompile pc=0x0000000002458cf4 method=com.android.dx.ssa.NormalSsaInsn.accept(Lcom/android/dx/ssa/SsaInsn$Visitor;)V @ 9
Event: 0.906 Thread 0x00000000022e0800 Uncommon trap: reason=class_check action=maybe_recompile pc=0x000000000247e5e0 method=com.android.dex.Leb128.readUnsignedLeb128(Lcom/android/dex/util/ByteInput;)I @ 5
Event: 0.906 Thread 0x00000000022e0800 Uncommon trap: reason=class_check action=maybe_recompile pc=0x000000000247e5e0 method=com.android.dex.Leb128.readUnsignedLeb128(Lcom/android/dex/util/ByteInput;)I @ 5
Event: 0.906 Thread 0x00000000022e0800 Uncommon trap: reason=class_check action=maybe_recompile pc=0x000000000247e5e0 method=com.android.dex.Leb128.readUnsignedLeb128(Lcom/android/dex/util/ByteInput;)I @ 5
Event: 0.906 Thread 0x00000000022e0800 Uncommon trap: reason=class_check action=maybe_recompile pc=0x000000000247e5e0 method=com.android.dex.Leb128.readUnsignedLeb128(Lcom/android/dex/util/ByteInput;)I @ 5
Event: 1.034 Thread 0x00000000022e0800 Uncommon trap: reason=predicate action=maybe_recompile pc=0x000000000248b6d4 method=com.android.dex.Leb128.readUnsignedLeb128(Lcom/android/dex/util/ByteInput;)I @ 41

Internal exceptions (10 events):
Event: 0.842 Thread 0x00000000022e0800 Threw 0x00000000eb1baf00 at C:\re\jdk7u79\2331\hotspot\src\share\vm\prims\jvm.cpp:1304
Event: 0.842 Thread 0x00000000022e0800 Threw 0x00000000eb1bde98 at C:\re\jdk7u79\2331\hotspot\src\share\vm\prims\jvm.cpp:1304
Event: 0.842 Thread 0x00000000022e0800 Threw 0x00000000eb1c0f08 at C:\re\jdk7u79\2331\hotspot\src\share\vm\prims\jvm.cpp:1304
Event: 0.843 Thread 0x00000000022e0800 Threw 0x00000000eb1c4b38 at C:\re\jdk7u79\2331\hotspot\src\share\vm\prims\jvm.cpp:1304
Event: 0.844 Thread 0x00000000022e0800 Threw 0x00000000eb1c7990 at C:\re\jdk7u79\2331\hotspot\src\share\vm\prims\jvm.cpp:1304
Event: 0.844 Thread 0x00000000022e0800 Threw 0x00000000eb1ca9a8 at C:\re\jdk7u79\2331\hotspot\src\share\vm\prims\jvm.cpp:1304
Event: 0.844 Thread 0x00000000022e0800 Threw 0x00000000eb1cddd8 at C:\re\jdk7u79\2331\hotspot\src\share\vm\prims\jvm.cpp:1304
Event: 0.846 Thread 0x00000000022e0800 Threw 0x00000000eb1d52b0 at C:\re\jdk7u79\2331\hotspot\src\share\vm\prims\jvm.cpp:1304
Event: 0.847 Thread 0x00000000022e0800 Threw 0x00000000eb1d7468 at C:\re\jdk7u79\2331\hotspot\src\share\vm\prims\jvm.cpp:1304
Event: 1.142 Thread 0x00000000022e0800 Threw 0x00000000eaf32708 at C:\re\jdk7u79\2331\hotspot\src\share\vm\prims\jvm.cpp:1304

Events (10 events):
Event: 0.906 Thread 0x00000000022e0800 Uncommon trap: trap_request=0xffffffde fr.pc=0x000000000247e5e0
Event: 0.906 Thread 0x00000000022e0800 DEOPT PACKING pc=0x000000000247e5e0 sp=0x000000000224f040
Event: 0.906 Thread 0x00000000022e0800 DEOPT UNPACKING pc=0x00000000024175a4 sp=0x000000000224efe0 mode 2
Event: 1.034 Thread 0x00000000022e0800 Uncommon trap: trap_request=0xffffff86 fr.pc=0x000000000248b6d4
Event: 1.034 Thread 0x00000000022e0800 DEOPT PACKING pc=0x000000000248b6d4 sp=0x000000000224f120
Event: 1.034 Thread 0x00000000022e0800 DEOPT UNPACKING pc=0x00000000024175a4 sp=0x000000000224f0c8 mode 2
Event: 1.034 Executing VM operation: ParallelGCFailedAllocation
Event: 1.042 Executing VM operation: ParallelGCFailedAllocation done
Event: 1.142 loading class 0x0000000009ce1140
Event: 1.142 loading class 0x0000000009ce1140 done


Dynamic libraries:
0x00007ff791100000 - 0x00007ff791133000 	C:\Program Files\Java\jdk1.7.0_79\bin\java.exe
0x00007ff986340000 - 0x00007ff9864ec000 	C:\windows\SYSTEM32\ntdll.dll
0x00007ff983a20000 - 0x00007ff983b5e000 	C:\windows\system32\KERNEL32.DLL
0x00007ff983660000 - 0x00007ff983775000 	C:\windows\system32\KERNELBASE.dll
0x00007ff982030000 - 0x00007ff9820be000 	C:\windows\system32\apphelp.dll
0x00007ff96add0000 - 0x00007ff96ae23000 	C:\windows\AppPatch\AppPatch64\AcGenral.DLL
0x00007ff985ae0000 - 0x00007ff985b8a000 	C:\windows\system32\msvcrt.dll
0x00007ff9832c0000 - 0x00007ff9832ee000 	C:\windows\SYSTEM32\SspiCli.dll
0x00007ff9839c0000 - 0x00007ff983a14000 	C:\windows\system32\SHLWAPI.dll
0x00007ff985ef0000 - 0x00007ff986067000 	C:\windows\system32\USER32.dll
0x00007ff985d50000 - 0x00007ff985ee4000 	C:\windows\system32\ole32.dll
0x00007ff983be0000 - 0x00007ff9850f8000 	C:\windows\system32\SHELL32.dll
0x00007ff982a30000 - 0x00007ff982a51000 	C:\windows\SYSTEM32\USERENV.dll
0x00007ff986290000 - 0x00007ff98633a000 	C:\windows\system32\ADVAPI32.dll
0x00007ff96d7f0000 - 0x00007ff96d80e000 	C:\windows\SYSTEM32\MPR.dll
0x00007ff985b90000 - 0x00007ff985cd1000 	C:\windows\system32\RPCRT4.dll
0x00007ff985cf0000 - 0x00007ff985d49000 	C:\windows\SYSTEM32\sechost.dll
0x00007ff9853b0000 - 0x00007ff9855c1000 	C:\windows\SYSTEM32\combase.dll
0x00007ff986130000 - 0x00007ff986281000 	C:\windows\system32\GDI32.dll
0x00007ff983490000 - 0x00007ff9834a5000 	C:\windows\SYSTEM32\profapi.dll
0x00007ff981850000 - 0x00007ff981902000 	C:\windows\SYSTEM32\SHCORE.dll
0x00007ff983b60000 - 0x00007ff983b96000 	C:\windows\system32\IMM32.DLL
0x00007ff985840000 - 0x00007ff985992000 	C:\windows\system32\MSCTF.dll
0x00007ff980ca0000 - 0x00007ff980f1b000 	C:\windows\WinSxS\amd64_microsoft.windows.common-controls_6595b64144ccf1df_6.0.9600.17784_none_624760d1ecb7236e\COMCTL32.dll
0x000000006fd50000 - 0x000000006fe22000 	C:\Program Files\Java\jdk1.7.0_79\jre\bin\msvcr100.dll
0x0000000070140000 - 0x0000000070915000 	C:\Program Files\Java\jdk1.7.0_79\jre\bin\server\jvm.dll
0x00007ff97edc0000 - 0x00007ff97edc9000 	C:\windows\SYSTEM32\WSOCK32.dll
0x00007ff97e9f0000 - 0x00007ff97ea12000 	C:\windows\SYSTEM32\WINMM.dll
0x00007ff9859a0000 - 0x00007ff9859a7000 	C:\windows\system32\PSAPI.DLL
0x00007ff985a80000 - 0x00007ff985ada000 	C:\windows\system32\WS2_32.dll
0x00007ff97e9c0000 - 0x00007ff97e9ea000 	C:\windows\SYSTEM32\WINMMBASE.dll
0x00007ff985ce0000 - 0x00007ff985ce9000 	C:\windows\system32\NSI.dll
0x00007ff983610000 - 0x00007ff98365f000 	C:\windows\SYSTEM32\cfgmgr32.dll
0x00007ff982280000 - 0x00007ff9822a8000 	C:\windows\SYSTEM32\DEVOBJ.dll
0x0000000070cb0000 - 0x0000000070cbf000 	C:\Program Files\Java\jdk1.7.0_79\jre\bin\verify.dll
0x0000000070c80000 - 0x0000000070ca8000 	C:\Program Files\Java\jdk1.7.0_79\jre\bin\java.dll
0x0000000070c60000 - 0x0000000070c75000 	C:\Program Files\Java\jdk1.7.0_79\jre\bin\zip.dll
0x0000000070c40000 - 0x0000000070c5a000 	C:\Program Files\Java\jdk1.7.0_79\jre\bin\net.dll
0x00007ff982ca0000 - 0x00007ff982cf9000 	C:\windows\system32\mswsock.dll
0x0000000070c20000 - 0x0000000070c31000 	C:\Program Files\Java\jdk1.7.0_79\jre\bin\nio.dll

VM Arguments:
jvm_args: -Xmx1024M -Dfile.encoding=windows-1252 -Duser.country=US -Duser.language=en -Duser.variant 
java_command: com.android.dx.command.Main --dex --output C:\Users\DN\AndroidStudioProjects\PreSnap\app\build\intermediates\dex\debug C:\Users\DN\AndroidStudioProjects\PreSnap\app\build\intermediates\classes\debug C:\Users\DN\AndroidStudioProjects\PreSnap\app\build\intermediates\pre-dexed\debug\support-annotations-22.1.1-2d30255f803a3f3a6dc701069ffb1cb4521142a6.jar C:\Users\DN\AndroidStudioProjects\PreSnap\app\build\intermediates\pre-dexed\debug\internal_impl-22.1.1-e8e67dbe04e7303dea5eef37e4c324dd1c2a4bdb.jar C:\Users\DN\AndroidStudioProjects\PreSnap\app\build\intermediates\pre-dexed\debug\classes-084070d0df30d604e5be62ea931e18afaded3345.jar C:\Users\DN\AndroidStudioProjects\PreSnap\app\build\intermediates\pre-dexed\debug\classes-d66e5c3fd6fd69971a05cb939c8b7306ed054b8f.jar
Launcher Type: SUN_STANDARD

Environment Variables:
PATH=C:\Program Files (x86)\Intel\iCLS Client\;C:\Program Files\Intel\iCLS Client\;C:\windows\system32;C:\windows;C:\windows\System32\Wbem;C:\windows\System32\WindowsPowerShell\v1.0\;C:\Program Files\Intel\Intel(R) Management Engine Components\DAL;C:\Program Files\Intel\Intel(R) Management Engine Components\IPT;C:\Program Files (x86)\Intel\Intel(R) Management Engine Components\DAL;C:\Program Files (x86)\Intel\Intel(R) Management Engine Components\IPT;c:\python27\;c:\python27\scripts;c:\python27\tools\scripts;C:\Python27\Scripts;C:\Program Files\PostgreSQL\9.3\bin;C:\Program Files (x86)\Java\jre7\bin
USERNAME=DN
OS=Windows_NT
PROCESSOR_IDENTIFIER=Intel64 Family 6 Model 69 Stepping 1, GenuineIntel



---------------  S Y S T E M  ---------------

OS: Windows 8.1 , 64 bit Build 9600 

CPU:total 4 (2 cores per cpu, 2 threads per core) family 6 model 69 stepping 1, cmov, cx8, fxsr, mmx, sse, sse2, sse3, ssse3, sse4.1, sse4.2, popcnt, avx, avx2, aes, erms, ht, tsc, tscinvbit

Memory: 4k page, physical 4104472k(671156k free), swap 6152472k(6172k free)

vm_info: Java HotSpot(TM) 64-Bit Server VM (24.79-b02) for windows-amd64 JRE (1.7.0_79-b15), built on Apr 10 2015 12:36:16 by "java_re" with unknown MS VC++:1600

time: Wed May 20 21:41:15 2015
elapsed time: 1 seconds

